<?xml version="1.0" encoding="UTF-8"?>
<!-- Generated by org.testng.reporters.JUnitReportReporter -->
<testsuite skipped="0" hostname="a5-PC" name="DataProvider.Dp" tests="3" failures="0" timestamp="07 Apr 2019 15:26:08 GMT" time="0.030" errors="0">
  <testcase name="doLogin" time="0.006" classname="DataProvider.Dp"/>
  <testcase name="doLogin" time="0.005" classname="DataProvider.Dp"/>
  <testcase name="doLogin" time="0.019" classname="DataProvider.Dp"/>
</testsuite> <!-- DataProvider.Dp -->
