<?xml version="1.0" encoding="UTF-8"?>
<!-- Generated by org.testng.reporters.JUnitReportReporter -->
<testsuite skipped="0" hostname="a5-PC" name="Parallel.TestBrowser" tests="2" failures="0" timestamp="14 Apr 2019 08:46:29 GMT" time="4.040" errors="0">
  <testcase name="doLogin" time="2.020" classname="Parallel.TestBrowser"/>
  <testcase name="doLogin" time="2.020" classname="Parallel.TestBrowser"/>
</testsuite> <!-- Parallel.TestBrowser -->
