<?xml version="1.0" encoding="UTF-8"?>
<!-- Generated by org.testng.reporters.JUnitReportReporter -->
<testsuite skipped="1" hostname="a5-PC" name="com.ecw.testcases.AddCustomerTest" tests="1" failures="0" timestamp="07 Apr 2019 06:44:20 GMT" time="0.000" errors="0">
  <testcase name="addCustomer" time="0.000" classname="com.ecw.testcases.AddCustomerTest">
    <skipped/>
  </testcase> <!-- addCustomer -->
</testsuite> <!-- com.ecw.testcases.AddCustomerTest -->
