<?xml version="1.0" encoding="UTF-8"?>
<!-- Generated by org.testng.reporters.JUnitReportReporter -->
<testsuite skipped="0" hostname="a5-PC" name="Parallel.TestDataProvider" tests="2" failures="0" timestamp="14 Apr 2019 08:50:56 GMT" time="4.028" errors="0">
  <testcase name="doLogin" time="2.016" classname="Parallel.TestDataProvider"/>
  <testcase name="doLogin" time="2.012" classname="Parallel.TestDataProvider"/>
</testsuite> <!-- Parallel.TestDataProvider -->
