<?xml version="1.0" encoding="UTF-8"?>
<!-- Generated by org.testng.reporters.JUnitReportReporter -->
<testsuite skipped="0" hostname="a5-PC" name="com.ecw.testcases.LoginTest" tests="1" failures="0" timestamp="07 Apr 2019 05:41:22 GMT" time="3.555" errors="0">
  <testcase name="loginAsBankManager" time="3.555" classname="com.ecw.testcases.LoginTest"/>
</testsuite> <!-- com.ecw.testcases.LoginTest -->
