<?xml version="1.0" encoding="UTF-8"?>
<!-- Generated by org.testng.reporters.JUnitReportReporter -->
<testsuite skipped="0" hostname="a5-PC" name="Parameter.Param" tests="2" failures="0" timestamp="14 Apr 2019 08:36:59 GMT" time="0.013" errors="0">
  <testcase name="geTest" time="0.011" classname="Parameter.Param"/>
  <testcase name="geTest" time="0.002" classname="Parameter.Param"/>
</testsuite> <!-- Parameter.Param -->
