<?xml version="1.0" encoding="UTF-8"?>
<!-- Generated by org.testng.reporters.JUnitReportReporter -->
<testsuite skipped="0" hostname="a5-PC" name="Regression.Tc2" tests="1" failures="0" timestamp="07 Apr 2019 07:28:19 GMT" time="0.022" errors="0">
  <testcase name="m1" time="0.022" classname="Regression.Tc2"/>
</testsuite> <!-- Regression.Tc2 -->
